app/build/outputs/logs/manifest-merger-debug-report.txt
-- Merging decision tree log ---
manifest
ADDED from AndroidManifest.xml:2:1
	package
		ADDED from AndroidManifest.xml:3:11
		INJECTED from AndroidManifest.xml:0:0
		INJECTED from AndroidManifest.xml:0:0
	android:versionName
		ADDED from AndroidManifest.xml:5:11
	android:versionCode
		ADDED from AndroidManifest.xml:4:11
		INJECTED from AndroidManifest.xml:0:0
		INJECTED from AndroidManifest.xml:0:0
	xmlns:android
		ADDED from AndroidManifest.xml:2:11
uses-sdk
ADDED from AndroidManifest.xml:7:3
	android:targetSdkVersion
		ADDED from AndroidManifest.xml:8:6
		INJECTED from AndroidManifest.xml:0:0
		INJECTED from AndroidManifest.xml:0:0
	android:minSdkVersion
		ADDED from AndroidManifest.xml:7:17
		INJECTED from AndroidManifest.xml:0:0
		INJECTED from AndroidManifest.xml:0:0
uses-permission#android.permission.INTERNET
ADDED from AndroidManifest.xml:10:3
	android:name
		ADDED from AndroidManifest.xml:11:6
application
ADDED from AndroidManifest.xml:13:3
	android:label
		ADDED from AndroidManifest.xml:14:5
activity#vandy.mooc.activities.WeatherActivity
ADDED from AndroidManifest.xml:16:5
	android:label
		ADDED from AndroidManifest.xml:18:15
	android:configChanges
		ADDED from AndroidManifest.xml:17:15
	android:name
		ADDED from AndroidManifest.xml:16:15
intent-filter#android.intent.action.MAIN+android.intent.category.LAUNCHER
ADDED from AndroidManifest.xml:19:7
action#android.intent.action.MAIN
ADDED from AndroidManifest.xml:20:9
	android:name
		ADDED from AndroidManifest.xml:20:17
category#android.intent.category.LAUNCHER
ADDED from AndroidManifest.xml:21:9
	android:name
		ADDED from AndroidManifest.xml:21:19
service#vandy.mooc.services.WeatherServiceAsync
ADDED from AndroidManifest.xml:25:5
	android:process
		ADDED from AndroidManifest.xml:27:8
	android:name
		ADDED from AndroidManifest.xml:26:8
service#vandy.mooc.services.WeatherServiceSync
ADDED from AndroidManifest.xml:30:5
	android:process
		ADDED from AndroidManifest.xml:32:8
	android:name
		ADDED from AndroidManifest.xml:31:8